

Microchip MPLAB XC8 Assembler V2.05 build -831301201 
                                                                                               Sat Mar 30 14:46:49 2019

Microchip MPLAB XC8 C Compiler v2.05 (Free license) build 20181220022703 Og1 
     1                           	processor	16F628A
     2                           	opt	pw 120
     3                           	opt	flic
     4                           	psect	cinit,global,class=CODE,merge=1,delta=2
     5                           	psect	bitbssCOMMON,global,bit,class=COMMON,space=1,delta=1
     6                           	psect	cstackCOMMON,global,class=COMMON,space=1,delta=1
     7                           	psect	maintext,global,class=CODE,split=1,delta=2
     8                           	dabs	1,0x7E,2
     9  0000                     
    10                           ; Version 2.05
    11                           ; Generated 20/12/2018 GMT
    12                           ; 
    13                           ; Copyright © 2018, Microchip Technology Inc. and its subsidiaries ("Microchip")
    14                           ; All rights reserved.
    15                           ; 
    16                           ; This software is developed by Microchip Technology Inc. and its subsidiaries ("Microch
      +                          ip").
    17                           ; 
    18                           ; Redistribution and use in source and binary forms, with or without modification, are
    19                           ; permitted provided that the following conditions are met:
    20                           ; 
    21                           ;     1. Redistributions of source code must retain the above copyright notice, this lis
      +                          t of
    22                           ;        conditions and the following disclaimer.
    23                           ; 
    24                           ;     2. Redistributions in binary form must reproduce the above copyright notice, this 
      +                          list
    25                           ;        of conditions and the following disclaimer in the documentation and/or other
    26                           ;        materials provided with the distribution.
    27                           ; 
    28                           ;     3. Microchip's name may not be used to endorse or promote products derived from th
      +                          is
    29                           ;        software without specific prior written permission.
    30                           ; 
    31                           ; THIS SOFTWARE IS PROVIDED BY MICROCHIP "AS IS" AND ANY EXPRESS OR IMPLIED WARRANTIES,
    32                           ; INCLUDING, BUT NOT LIMITED TO, THE IMPLIED WARRANTIES OF MERCHANTABILITY AND FITNESS F
      +                          OR
    33                           ; PURPOSE ARE DISCLAIMED.  IN NO EVENT SHALL MICROCHIP BE LIABLE FOR ANY DIRECT, INDIREC
      +                          T,
    34                           ; INCIDENTAL, SPECIAL, EXEMPLARY, OR CONSEQUENTIAL DAMAGES (INCLUDING BUT NOT LIMITED TO
    35                           ; PROCUREMENT OF SUBSTITUTE GOODS OR SERVICES; LOSS OF USE, DATA OR PROFITS; OR BUSINESS
    36                           ; INTERRUPTION) HOWSOEVER CAUSED AND ON ANY THEORY OF LIABILITY, WHETHER IN CONTRACT, ST
      +                          RICT
    37                           ; LIABILITY, OR TORT (INCLUDING NEGLIGENCE OR OTHERWISE) ARISING IN ANY WAY OUT OF THE U
      +                          SE OF
    38                           ; THIS SOFTWARE, EVEN IF ADVISED OF THE POSSIBILITY OF SUCH DAMAGE.
    39                           ; 
    40                           ; 
    41                           ; Code-generator required, PIC16F628A Definitions
    42                           ; 
    43                           ; SFR Addresses
    44  0000                     	;# 
    45  0001                     	;# 
    46  0002                     	;# 
    47  0003                     	;# 
    48  0004                     	;# 
    49  0005                     	;# 
    50  0006                     	;# 
    51  000A                     	;# 
    52  000B                     	;# 
    53  000C                     	;# 
    54  000E                     	;# 
    55  000E                     	;# 
    56  000F                     	;# 
    57  0010                     	;# 
    58  0011                     	;# 
    59  0012                     	;# 
    60  0015                     	;# 
    61  0015                     	;# 
    62  0016                     	;# 
    63  0017                     	;# 
    64  0018                     	;# 
    65  0019                     	;# 
    66  001A                     	;# 
    67  001F                     	;# 
    68  0081                     	;# 
    69  0085                     	;# 
    70  0086                     	;# 
    71  008C                     	;# 
    72  008E                     	;# 
    73  0092                     	;# 
    74  0098                     	;# 
    75  0099                     	;# 
    76  009A                     	;# 
    77  009B                     	;# 
    78  009C                     	;# 
    79  009D                     	;# 
    80  009F                     	;# 
    81  0000                     	;# 
    82  0001                     	;# 
    83  0002                     	;# 
    84  0003                     	;# 
    85  0004                     	;# 
    86  0005                     	;# 
    87  0006                     	;# 
    88  000A                     	;# 
    89  000B                     	;# 
    90  000C                     	;# 
    91  000E                     	;# 
    92  000E                     	;# 
    93  000F                     	;# 
    94  0010                     	;# 
    95  0011                     	;# 
    96  0012                     	;# 
    97  0015                     	;# 
    98  0015                     	;# 
    99  0016                     	;# 
   100  0017                     	;# 
   101  0018                     	;# 
   102  0019                     	;# 
   103  001A                     	;# 
   104  001F                     	;# 
   105  0081                     	;# 
   106  0085                     	;# 
   107  0086                     	;# 
   108  008C                     	;# 
   109  008E                     	;# 
   110  0092                     	;# 
   111  0098                     	;# 
   112  0099                     	;# 
   113  009A                     	;# 
   114  009B                     	;# 
   115  009C                     	;# 
   116  009D                     	;# 
   117  009F                     	;# 
   118  0006                     _PORTBbits	set	6
   119  0005                     _PORTAbits	set	5
   120  0006                     _PORTB	set	6
   121  0086                     _TRISB	set	134
   122  0085                     _TRISA	set	133
   123                           
   124                           	psect	cinit
   125  07FD                     start_initialization:	
   126                           ; #config settings
   127                           
   128  07FD                     __initialization:	
   129                           
   130                           ; Clear objects allocated to BITCOMMON
   131  07FD  01F0               	clrf	(__pbitbssCOMMON/(0+8))& (0+127)
   132  07FE                     end_of_initialization:	
   133                           ;End of C runtime variable initialization code
   134                           
   135  07FE                     __end_of__initialization:	
   136  07FE  0183               	clrf	3
   137  07FF  2FE5               	ljmp	_main	;jump to C main() function
   138                           
   139                           	psect	bitbssCOMMON
   140  0380                     __pbitbssCOMMON:	
   141  0380                     _estado:	
   142  0380                     	ds	1
   143                           
   144                           	psect	cstackCOMMON
   145  0000                     __pcstackCOMMON:	
   146  0000                     ?_main:	
   147  0000                     ??_main:	
   148                           ; 1 bytes @ 0x0
   149                           
   150                           
   151                           	psect	maintext
   152  07E5                     __pmaintext:	
   153                           ; 1 bytes @ 0x0
   154 ;;
   155 ;;Main: autosize = 0, tempsize = 0, incstack = 0, save=0
   156 ;;
   157 ;; *************** function _main *****************
   158 ;; Defined at:
   159 ;;		line 8 in file "main.c"
   160 ;; Parameters:    Size  Location     Type
   161 ;;		None
   162 ;; Auto vars:     Size  Location     Type
   163 ;;		None
   164 ;; Return value:  Size  Location     Type
   165 ;;                  1    wreg      void 
   166 ;; Registers used:
   167 ;;		wreg, status,2
   168 ;; Tracked objects:
   169 ;;		On entry : B00/0
   170 ;;		On exit  : 0/0
   171 ;;		Unchanged: 0/0
   172 ;; Data sizes:     COMMON   BANK0   BANK1   BANK2
   173 ;;      Params:         0       0       0       0
   174 ;;      Locals:         0       0       0       0
   175 ;;      Temps:          0       0       0       0
   176 ;;      Totals:         0       0       0       0
   177 ;;Total ram usage:        0 bytes
   178 ;; This function calls:
   179 ;;		Nothing
   180 ;; This function is called by:
   181 ;;		Startup code after reset
   182 ;; This function uses a non-reentrant model
   183 ;;
   184                           
   185                           
   186                           ;psect for function _main
   187  07E5                     _main:	
   188                           
   189                           ;main.c: 9:     TRISA = 0b00001;
   190                           
   191                           ;incstack = 0
   192                           ; Regs used in _main: [wreg+status,2]
   193  07E5  3001               	movlw	1
   194  07E6  1683               	bsf	3,5	;RP0=1, select bank1
   195  07E7  1303               	bcf	3,6	;RP1=0, select bank1
   196  07E8  0085               	movwf	5	;volatile
   197                           
   198                           ;main.c: 10:     TRISB = 0;
   199  07E9  0186               	clrf	6	;volatile
   200                           
   201                           ;main.c: 11:     PORTB = 0;
   202  07EA  1283               	bcf	3,5	;RP0=0, select bank0
   203  07EB  1303               	bcf	3,6	;RP1=0, select bank0
   204  07EC  0186               	clrf	6	;volatile
   205  07ED                     l622:	
   206                           
   207                           ;main.c: 14:         if (PORTAbits.RA0) {
   208  07ED  1C05               	btfss	5,0	;volatile
   209  07EE  2FF3               	goto	l18
   210                           
   211                           ;main.c: 15:             estado = !estado;
   212  07EF  3001               	movlw	(0+1) shl (_estado& (0+7))
   213  07F0  06F0               	xorwf	_estado/(0+8),f
   214  07F1                     l19:	
   215                           ;main.c: 16:             while(PORTAbits.RA0);
   216                           
   217  07F1  1805               	btfsc	5,0	;volatile
   218  07F2  2FF1               	goto	l19
   219  07F3                     l18:	
   220                           ;main.c: 17:         }
   221                           
   222                           
   223                           ;main.c: 18:         PORTBbits.RB0 = estado;
   224  07F3  1C70               	btfss	_estado/(0+8),_estado& (0+7)
   225  07F4  2FF9               	goto	u30
   226  07F5  1283               	bcf	3,5	;RP0=0, select bank0
   227  07F6  1303               	bcf	3,6	;RP1=0, select bank0
   228  07F7  1406               	bsf	6,0	;volatile
   229  07F8  2FED               	goto	l622
   230  07F9                     u30:	
   231  07F9  1283               	bcf	3,5	;RP0=0, select bank0
   232  07FA  1303               	bcf	3,6	;RP1=0, select bank0
   233  07FB  1006               	bcf	6,0	;volatile
   234  07FC  2FED               	goto	l622
   235  07FD                     __end_of_main:	
   236  007E                     btemp	set	126	;btemp
   237  007E                     wtemp0	set	126


Data Sizes:
    Strings     0
    Constant    0
    Data        0
    BSS         0
    Persistent  0
    Stack       0

Auto Spaces:
    Space          Size  Autos    Used
    COMMON           14      0       1
    BANK0            80      0       0
    BANK1            80      0       0
    BANK2            48      0       0

Pointer List with Targets:

    None.

Critical Paths under _main in COMMON

    None.

Critical Paths under _main in BANK0

    None.

Critical Paths under _main in BANK1

    None.

Critical Paths under _main in BANK2

    None.

Call Graph Tables:

 ---------------------------------------------------------------------------------
 (Depth) Function   	        Calls       Base Space   Used Autos Params    Refs
 ---------------------------------------------------------------------------------
 (0) _main                                                 0     0      0       0
 ---------------------------------------------------------------------------------
 Estimated maximum stack depth 0
 ---------------------------------------------------------------------------------

 Call Graph Graphs:

 _main (ROOT)

 Address spaces:
Name               Size   Autos  Total    Cost      Usage
BITCOMMON            E      0       1       0        7.1%
EEDATA              80      0       0       0        0.0%
NULL                 0      0       0       0        0.0%
CODE                 0      0       0       0        0.0%
COMMON               E      0       1       1        7.1%
BITSFR0              0      0       0       1        0.0%
SFR0                 0      0       0       1        0.0%
BITSFR1              0      0       0       2        0.0%
SFR1                 0      0       0       2        0.0%
STACK                0      0       0       2        0.0%
BANK0               50      0       0       3        0.0%
BITSFR3              0      0       0       4        0.0%
SFR3                 0      0       0       4        0.0%
ABS                  0      0       1       4        0.0%
BITBANK0            50      0       0       5        0.0%
BITSFR2              0      0       0       5        0.0%
SFR2                 0      0       0       5        0.0%
BITBANK1            50      0       0       6        0.0%
BANK1               50      0       0       7        0.0%
BITBANK2            30      0       0       8        0.0%
BANK2               30      0       0       9        0.0%
DATA                 0      0       1      10        0.0%


Microchip Technology PIC Macro Assembler V2.05 build -831301201 
Symbol Table                                                                                   Sat Mar 30 14:46:49 2019

                     l18 07F3                       l19 07F1                       u30 07F9  
                    l622 07ED                     _main 07E5                     btemp 007E  
                   start 0000                    ?_main 0000                    _PORTB 0006  
                  _TRISA 0085                    _TRISB 0086           __pbitbssCOMMON 0380  
                  status 0003                    wtemp0 007E          __initialization 07FD  
           __end_of_main 07FD                   ??_main 0000                   _estado 0380  
__end_of__initialization 07FE           __pcstackCOMMON 0000               __pmaintext 07E5  
   end_of_initialization 07FE                _PORTAbits 0005                _PORTBbits 0006  
    start_initialization 07FD                ___latbits 0000            __size_of_main 0018  
