

Microchip MPLAB XC8 Assembler V2.05 build -831301201 
                                                                                               Fri Mar 22 06:41:27 2019

Microchip MPLAB XC8 C Compiler v2.05 (Free license) build 20181220022703 Og1 
     1                           	processor	16F628A
     2                           	opt	pw 120
     3                           	opt	flic
     4                           	psect	cinit,global,class=CODE,merge=1,delta=2
     5                           	psect	cstackCOMMON,global,class=COMMON,space=1,delta=1
     6                           	psect	maintext,global,class=CODE,split=1,delta=2
     7                           	dabs	1,0x7E,2
     8  0000                     
     9                           ; Version 2.05
    10                           ; Generated 20/12/2018 GMT
    11                           ; 
    12                           ; Copyright © 2018, Microchip Technology Inc. and its subsidiaries ("Microchip")
    13                           ; All rights reserved.
    14                           ; 
    15                           ; This software is developed by Microchip Technology Inc. and its subsidiaries ("Microch
      +                          ip").
    16                           ; 
    17                           ; Redistribution and use in source and binary forms, with or without modification, are
    18                           ; permitted provided that the following conditions are met:
    19                           ; 
    20                           ;     1. Redistributions of source code must retain the above copyright notice, this lis
      +                          t of
    21                           ;        conditions and the following disclaimer.
    22                           ; 
    23                           ;     2. Redistributions in binary form must reproduce the above copyright notice, this 
      +                          list
    24                           ;        of conditions and the following disclaimer in the documentation and/or other
    25                           ;        materials provided with the distribution.
    26                           ; 
    27                           ;     3. Microchip's name may not be used to endorse or promote products derived from th
      +                          is
    28                           ;        software without specific prior written permission.
    29                           ; 
    30                           ; THIS SOFTWARE IS PROVIDED BY MICROCHIP "AS IS" AND ANY EXPRESS OR IMPLIED WARRANTIES,
    31                           ; INCLUDING, BUT NOT LIMITED TO, THE IMPLIED WARRANTIES OF MERCHANTABILITY AND FITNESS F
      +                          OR
    32                           ; PURPOSE ARE DISCLAIMED.  IN NO EVENT SHALL MICROCHIP BE LIABLE FOR ANY DIRECT, INDIREC
      +                          T,
    33                           ; INCIDENTAL, SPECIAL, EXEMPLARY, OR CONSEQUENTIAL DAMAGES (INCLUDING BUT NOT LIMITED TO
    34                           ; PROCUREMENT OF SUBSTITUTE GOODS OR SERVICES; LOSS OF USE, DATA OR PROFITS; OR BUSINESS
    35                           ; INTERRUPTION) HOWSOEVER CAUSED AND ON ANY THEORY OF LIABILITY, WHETHER IN CONTRACT, ST
      +                          RICT
    36                           ; LIABILITY, OR TORT (INCLUDING NEGLIGENCE OR OTHERWISE) ARISING IN ANY WAY OUT OF THE U
      +                          SE OF
    37                           ; THIS SOFTWARE, EVEN IF ADVISED OF THE POSSIBILITY OF SUCH DAMAGE.
    38                           ; 
    39                           ; 
    40                           ; Code-generator required, PIC16F628A Definitions
    41                           ; 
    42                           ; SFR Addresses
    43  0000                     	;# 
    44  0001                     	;# 
    45  0002                     	;# 
    46  0003                     	;# 
    47  0004                     	;# 
    48  0005                     	;# 
    49  0006                     	;# 
    50  000A                     	;# 
    51  000B                     	;# 
    52  000C                     	;# 
    53  000E                     	;# 
    54  000E                     	;# 
    55  000F                     	;# 
    56  0010                     	;# 
    57  0011                     	;# 
    58  0012                     	;# 
    59  0015                     	;# 
    60  0015                     	;# 
    61  0016                     	;# 
    62  0017                     	;# 
    63  0018                     	;# 
    64  0019                     	;# 
    65  001A                     	;# 
    66  001F                     	;# 
    67  0081                     	;# 
    68  0085                     	;# 
    69  0086                     	;# 
    70  008C                     	;# 
    71  008E                     	;# 
    72  0092                     	;# 
    73  0098                     	;# 
    74  0099                     	;# 
    75  009A                     	;# 
    76  009B                     	;# 
    77  009C                     	;# 
    78  009D                     	;# 
    79  009F                     	;# 
    80  0000                     	;# 
    81  0001                     	;# 
    82  0002                     	;# 
    83  0003                     	;# 
    84  0004                     	;# 
    85  0005                     	;# 
    86  0006                     	;# 
    87  000A                     	;# 
    88  000B                     	;# 
    89  000C                     	;# 
    90  000E                     	;# 
    91  000E                     	;# 
    92  000F                     	;# 
    93  0010                     	;# 
    94  0011                     	;# 
    95  0012                     	;# 
    96  0015                     	;# 
    97  0015                     	;# 
    98  0016                     	;# 
    99  0017                     	;# 
   100  0018                     	;# 
   101  0019                     	;# 
   102  001A                     	;# 
   103  001F                     	;# 
   104  0081                     	;# 
   105  0085                     	;# 
   106  0086                     	;# 
   107  008C                     	;# 
   108  008E                     	;# 
   109  0092                     	;# 
   110  0098                     	;# 
   111  0099                     	;# 
   112  009A                     	;# 
   113  009B                     	;# 
   114  009C                     	;# 
   115  009D                     	;# 
   116  009F                     	;# 
   117  0005                     _PORTAbits	set	5
   118  0085                     _TRISA	set	133
   119                           
   120                           ; #config settings
   121  0000                     
   122                           	psect	cinit
   123  07FE                     start_initialization:	
   124  07FE                     __initialization:	
   125  07FE                     end_of_initialization:	
   126                           ;End of C runtime variable initialization code
   127                           
   128  07FE                     __end_of__initialization:	
   129  07FE  0183               	clrf	3
   130  07FF  2FCC               	ljmp	_main	;jump to C main() function
   131                           
   132                           	psect	cstackCOMMON
   133  0070                     __pcstackCOMMON:	
   134  0070                     ?_main:	
   135  0070                     ??_main:	
   136                           ; 1 bytes @ 0x0
   137                           
   138                           
   139                           ; 1 bytes @ 0x0
   140  0070                     	ds	3
   141  0073                     main@estado:	
   142                           
   143                           ; 1 bytes @ 0x3
   144  0073                     	ds	1
   145                           
   146                           	psect	maintext
   147  07CC                     __pmaintext:	
   148 ;;
   149 ;;Main: autosize = 0, tempsize = 3, incstack = 0, save=0
   150 ;;
   151 ;; *************** function _main *****************
   152 ;; Defined at:
   153 ;;		line 15 in file "main.c"
   154 ;; Parameters:    Size  Location     Type
   155 ;;		None
   156 ;; Auto vars:     Size  Location     Type
   157 ;;  estado          1    3[COMMON] _Bool 
   158 ;; Return value:  Size  Location     Type
   159 ;;                  1    wreg      void 
   160 ;; Registers used:
   161 ;;		wreg, status,2, status,0
   162 ;; Tracked objects:
   163 ;;		On entry : B00/0
   164 ;;		On exit  : 0/0
   165 ;;		Unchanged: 0/0
   166 ;; Data sizes:     COMMON   BANK0   BANK1   BANK2
   167 ;;      Params:         0       0       0       0
   168 ;;      Locals:         1       0       0       0
   169 ;;      Temps:          3       0       0       0
   170 ;;      Totals:         4       0       0       0
   171 ;;Total ram usage:        4 bytes
   172 ;; This function calls:
   173 ;;		Nothing
   174 ;; This function is called by:
   175 ;;		Startup code after reset
   176 ;; This function uses a non-reentrant model
   177 ;;
   178                           
   179                           
   180                           ;psect for function _main
   181  07CC                     _main:	
   182                           
   183                           ;main.c: 16:     TRISA = 0B10100;
   184                           
   185                           ;incstack = 0
   186                           ; Regs used in _main: [wreg+status,2+status,0]
   187  07CC  3014               	movlw	20
   188  07CD  1683               	bsf	3,5	;RP0=1, select bank1
   189  07CE  1303               	bcf	3,6	;RP1=0, select bank1
   190  07CF  0085               	movwf	5	;volatile
   191                           
   192                           ;main.c: 17:     _Bool estado = 0;
   193  07D0  01F3               	clrf	main@estado
   194  07D1                     l610:	
   195                           
   196                           ;main.c: 19:         PORTAbits.RA0 = estado;
   197  07D1  0C73               	rrf	main@estado,w
   198  07D2  1283               	bcf	3,5	;RP0=0, select bank0
   199  07D3  1303               	bcf	3,6	;RP1=0, select bank0
   200  07D4  1C03               	skipc
   201  07D5  1005               	bcf	5,0	;volatile
   202  07D6  1803               	skipnc
   203  07D7  1405               	bsf	5,0	;volatile
   204                           
   205                           ;main.c: 20:         PORTAbits.RA1 = !estado;
   206  07D8  0873               	movf	main@estado,w
   207  07D9  1D03               	btfss	3,2
   208  07DA  2FDF               	goto	u10
   209  07DB  1283               	bcf	3,5	;RP0=0, select bank0
   210  07DC  1303               	bcf	3,6	;RP1=0, select bank0
   211  07DD  1485               	bsf	5,1	;volatile
   212  07DE  2FE2               	goto	l614
   213  07DF                     u10:	
   214  07DF  1283               	bcf	3,5	;RP0=0, select bank0
   215  07E0  1303               	bcf	3,6	;RP1=0, select bank0
   216  07E1  1085               	bcf	5,1	;volatile
   217  07E2                     l614:	
   218                           
   219                           ;main.c: 21:         PORTAbits.RA3 = estado;
   220  07E2  0C73               	rrf	main@estado,w
   221  07E3  1C03               	skipc
   222  07E4  1185               	bcf	5,3	;volatile
   223  07E5  1803               	skipnc
   224  07E6  1585               	bsf	5,3	;volatile
   225                           
   226                           ;main.c: 22:         estado = !estado;
   227  07E7  0873               	movf	main@estado,w
   228  07E8  1D03               	btfss	3,2
   229  07E9  2FEC               	goto	u30
   230  07EA  3001               	movlw	1
   231  07EB  2FED               	goto	u40
   232  07EC                     u30:	
   233  07EC  3000               	movlw	0
   234  07ED                     u40:	
   235  07ED  00F0               	movwf	??_main
   236  07EE  0870               	movf	??_main,w
   237  07EF  00F3               	movwf	main@estado
   238                           
   239                           ;main.c: 23:         _delay((unsigned long)((250)*(4000000/4000.0)));
   240  07F0  3002               	movlw	2
   241  07F1  00F2               	movwf	??_main+2
   242  07F2  3045               	movlw	69
   243  07F3  00F1               	movwf	??_main+1
   244  07F4  30A9               	movlw	169
   245  07F5  00F0               	movwf	??_main
   246  07F6                     u57:	
   247  07F6  0BF0               	decfsz	??_main,f
   248  07F7  2FF6               	goto	u57
   249  07F8  0BF1               	decfsz	??_main+1,f
   250  07F9  2FF6               	goto	u57
   251  07FA  0BF2               	decfsz	??_main+2,f
   252  07FB  2FF6               	goto	u57
   253  07FC  2FFD               	nop2
   254  07FD  2FD1               	goto	l610
   255  07FE                     __end_of_main:	
   256  007E                     btemp	set	126	;btemp
   257  007E                     wtemp0	set	126


Data Sizes:
    Strings     0
    Constant    0
    Data        0
    BSS         0
    Persistent  0
    Stack       0

Auto Spaces:
    Space          Size  Autos    Used
    COMMON           14      4       4
    BANK0            80      0       0
    BANK1            80      0       0
    BANK2            48      0       0

Pointer List with Targets:

    None.

Critical Paths under _main in COMMON

    None.

Critical Paths under _main in BANK0

    None.

Critical Paths under _main in BANK1

    None.

Critical Paths under _main in BANK2

    None.

Call Graph Tables:

 ---------------------------------------------------------------------------------
 (Depth) Function   	        Calls       Base Space   Used Autos Params    Refs
 ---------------------------------------------------------------------------------
 (0) _main                                                 4     4      0      60
                                              0 COMMON     4     4      0
 ---------------------------------------------------------------------------------
 Estimated maximum stack depth 0
 ---------------------------------------------------------------------------------

 Call Graph Graphs:

 _main (ROOT)

 Address spaces:
Name               Size   Autos  Total    Cost      Usage
BITCOMMON            E      0       0       0        0.0%
EEDATA              80      0       0       0        0.0%
NULL                 0      0       0       0        0.0%
CODE                 0      0       0       0        0.0%
COMMON               E      4       4       1       28.6%
BITSFR0              0      0       0       1        0.0%
SFR0                 0      0       0       1        0.0%
BITSFR1              0      0       0       2        0.0%
SFR1                 0      0       0       2        0.0%
STACK                0      0       0       2        0.0%
BANK0               50      0       0       3        0.0%
BITSFR3              0      0       0       4        0.0%
SFR3                 0      0       0       4        0.0%
ABS                  0      0       0       4        0.0%
BITBANK0            50      0       0       5        0.0%
BITSFR2              0      0       0       5        0.0%
SFR2                 0      0       0       5        0.0%
BITBANK1            50      0       0       6        0.0%
BANK1               50      0       0       7        0.0%
BITBANK2            30      0       0       8        0.0%
BANK2               30      0       0       9        0.0%
DATA                 0      0       0      10        0.0%


Microchip Technology PIC Macro Assembler V2.05 build -831301201 
Symbol Table                                                                                   Fri Mar 22 06:41:27 2019

             __CFG_CP$ON 0000                       u10 07DF                       u30 07EC  
                     u40 07ED              __CFG_CPD$ON 0000                       u57 07F6  
                    l610 07D1                      l614 07E2             __CFG_FOSC$HS 0000  
           __CFG_LVP$OFF 0000                     _main 07CC                     btemp 007E  
          __CFG_BOREN$ON 0000                     start 0000            __CFG_MCLRE$ON 0000  
                  ?_main 0070            __CFG_WDTE$OFF 0000                    _TRISA 0085  
                  status 0003                    wtemp0 007E          __initialization 07FE  
           __end_of_main 07FE                   ??_main 0070           __CFG_PWRTE$OFF 0000  
__end_of__initialization 07FE           __pcstackCOMMON 0070               __pmaintext 07CC  
   end_of_initialization 07FE                _PORTAbits 0005               main@estado 0073  
    start_initialization 07FE                ___latbits 0000            __size_of_main 0032  
